2025-10-21 11:51:26 [restartedMain] INFO  c.s.s.SistemaVentasApplication - Starting SistemaVentasApplication using Java 24.0.1 with PID 18776 (C:\Users\Lenovo\OneDrive\Escritorio\Gestion de ventas\sistema-ventas\target\classes started by Lenovo in C:\Users\Lenovo\OneDrive\Escritorio\Gestion de ventas\sistema-ventas)
2025-10-21 11:51:26 [restartedMain] INFO  c.s.s.SistemaVentasApplication - No active profile set, falling back to 1 default profile: "default"
2025-10-21 11:51:26 [restartedMain] INFO  o.s.b.d.e.DevToolsPropertyDefaultsPostProcessor - Devtools property defaults active! Set 'spring.devtools.add-properties' to 'false' to disable
2025-10-21 11:51:26 [restartedMain] INFO  o.s.b.d.e.DevToolsPropertyDefaultsPostProcessor - For additional web related logging consider setting the 'logging.level.web' property to 'DEBUG'
2025-10-21 11:51:29 [restartedMain] WARN  o.s.b.w.s.c.AnnotationConfigServletWebServerApplicationContext - Exception encountered during context initialization - cancelling refresh attempt: org.springframework.beans.factory.BeanDefinitionStoreException: Failed to parse configuration class [com.sgvi.sistema_ventas.SistemaVentasApplication]
2025-10-21 11:51:30 [restartedMain] ERROR o.s.boot.SpringApplication - Application run failed
org.springframework.beans.factory.BeanDefinitionStoreException: Failed to parse configuration class [com.sgvi.sistema_ventas.SistemaVentasApplication]
	at org.springframework.context.annotation.ConfigurationClassParser.parse(ConfigurationClassParser.java:194)
	at org.springframework.context.annotation.ConfigurationClassPostProcessor.processConfigBeanDefinitions(ConfigurationClassPostProcessor.java:418)
	at org.springframework.context.annotation.ConfigurationClassPostProcessor.postProcessBeanDefinitionRegistry(ConfigurationClassPostProcessor.java:290)
	at org.springframework.context.support.PostProcessorRegistrationDelegate.invokeBeanDefinitionRegistryPostProcessors(PostProcessorRegistrationDelegate.java:349)
	at org.springframework.context.support.PostProcessorRegistrationDelegate.invokeBeanFactoryPostProcessors(PostProcessorRegistrationDelegate.java:118)
	at org.springframework.context.support.AbstractApplicationContext.invokeBeanFactoryPostProcessors(AbstractApplicationContext.java:791)
	at org.springframework.context.support.AbstractApplicationContext.refresh(AbstractApplicationContext.java:609)
	at org.springframework.boot.web.servlet.context.ServletWebServerApplicationContext.refresh(ServletWebServerApplicationContext.java:146)
	at org.springframework.boot.SpringApplication.refresh(SpringApplication.java:752)
	at org.springframework.boot.SpringApplication.refreshContext(SpringApplication.java:439)
	at org.springframework.boot.SpringApplication.run(SpringApplication.java:318)
	at org.springframework.boot.SpringApplication.run(SpringApplication.java:1361)
	at org.springframework.boot.SpringApplication.run(SpringApplication.java:1350)
	at com.sgvi.sistema_ventas.SistemaVentasApplication.main(SistemaVentasApplication.java:10)
	at java.base/jdk.internal.reflect.DirectMethodHandleAccessor.invoke(DirectMethodHandleAccessor.java:104)
	at java.base/java.lang.reflect.Method.invoke(Method.java:565)
	at org.springframework.boot.devtools.restart.RestartLauncher.run(RestartLauncher.java:50)
Caused by: org.springframework.context.annotation.ConflictingBeanDefinitionException: Annotation-specified bean name 'numberUtil' for bean class [com.sgvi.sistema_ventas.util.validation.NumberUtil] conflicts with existing, non-compatible bean definition of same name and class [com.sgvi.sistema_ventas.util.validation.NumberUtil]
	at org.springframework.context.annotation.ClassPathBeanDefinitionScanner.checkCandidate(ClassPathBeanDefinitionScanner.java:361)
	at org.springframework.context.annotation.ClassPathBeanDefinitionScanner.doScan(ClassPathBeanDefinitionScanner.java:288)
	at org.springframework.context.annotation.ComponentScanAnnotationParser.parse(ComponentScanAnnotationParser.java:128)
	at org.springframework.context.annotation.ConfigurationClassParser.doProcessConfigurationClass(ConfigurationClassParser.java:346)
	at org.springframework.context.annotation.ConfigurationClassParser.processConfigurationClass(ConfigurationClassParser.java:281)
	at org.springframework.context.annotation.ConfigurationClassParser.parse(ConfigurationClassParser.java:204)
	at org.springframework.context.annotation.ConfigurationClassParser.parse(ConfigurationClassParser.java:172)
	... 16 common frames omitted
2025-10-21 12:12:33 [restartedMain] INFO  c.s.s.SistemaVentasApplication - Starting SistemaVentasApplication using Java 24.0.1 with PID 22912 (C:\Users\Lenovo\OneDrive\Escritorio\Gestion de ventas\sistema-ventas\target\classes started by Lenovo in C:\Users\Lenovo\OneDrive\Escritorio\Gestion de ventas\sistema-ventas)
2025-10-21 12:12:33 [restartedMain] INFO  c.s.s.SistemaVentasApplication - No active profile set, falling back to 1 default profile: "default"
2025-10-21 12:12:34 [restartedMain] INFO  o.s.b.d.e.DevToolsPropertyDefaultsPostProcessor - Devtools property defaults active! Set 'spring.devtools.add-properties' to 'false' to disable
2025-10-21 12:12:34 [restartedMain] INFO  o.s.b.d.e.DevToolsPropertyDefaultsPostProcessor - For additional web related logging consider setting the 'logging.level.web' property to 'DEBUG'
2025-10-21 12:12:37 [restartedMain] INFO  o.s.d.r.c.RepositoryConfigurationDelegate - Bootstrapping Spring Data JPA repositories in DEFAULT mode.
2025-10-21 12:12:37 [restartedMain] INFO  o.s.d.r.c.RepositoryConfigurationDelegate - Finished Spring Data repository scanning in 24 ms. Found 0 JPA repository interfaces.
2025-10-21 12:12:46 [restartedMain] INFO  o.s.b.w.e.tomcat.TomcatWebServer - Tomcat initialized with port 8080 (http)
2025-10-21 12:12:46 [restartedMain] INFO  o.a.catalina.core.StandardService - Starting service [Tomcat]
2025-10-21 12:12:46 [restartedMain] INFO  o.a.catalina.core.StandardEngine - Starting Servlet engine: [Apache Tomcat/10.1.46]
2025-10-21 12:12:47 [restartedMain] INFO  o.a.c.c.C.[Tomcat].[localhost].[/] - Initializing Spring embedded WebApplicationContext
2025-10-21 12:12:47 [restartedMain] INFO  o.s.b.w.s.c.ServletWebServerApplicationContext - Root WebApplicationContext: initialization completed in 13066 ms
2025-10-21 12:12:48 [restartedMain] ERROR o.s.b.w.e.tomcat.TomcatStarter - Error starting Tomcat context. Exception: org.springframework.beans.factory.UnsatisfiedDependencyException. Message: Error creating bean with name 'jwtAuthenticationFilter' defined in file [C:\Users\Lenovo\OneDrive\Escritorio\Gestion de ventas\sistema-ventas\target\classes\com\sgvi\sistema_ventas\security\jwt\JwtAuthenticationFilter.class]: Unsatisfied dependency expressed through constructor parameter 1: Error creating bean with name 'customUserDetailsService' defined in file [C:\Users\Lenovo\OneDrive\Escritorio\Gestion de ventas\sistema-ventas\target\classes\com\sgvi\sistema_ventas\service\impl\CustomUserDetailsService.class]: Unsatisfied dependency expressed through constructor parameter 0: No qualifying bean of type 'com.sgvi.sistema_ventas.repository.UsuarioRepository' available: expected at least 1 bean which qualifies as autowire candidate. Dependency annotations: {}
2025-10-21 12:12:48 [restartedMain] INFO  o.a.catalina.core.StandardService - Stopping service [Tomcat]
2025-10-21 12:12:48 [restartedMain] WARN  o.s.b.w.s.c.AnnotationConfigServletWebServerApplicationContext - Exception encountered during context initialization - cancelling refresh attempt: org.springframework.context.ApplicationContextException: Unable to start web server
2025-10-21 12:12:48 [restartedMain] INFO  o.s.b.a.l.ConditionEvaluationReportLogger - 

Error starting ApplicationContext. To display the condition evaluation report re-run your application with 'debug' enabled.
2025-10-21 12:12:48 [restartedMain] ERROR o.s.b.d.LoggingFailureAnalysisReporter - 

***************************
APPLICATION FAILED TO START
***************************

Description:

Parameter 0 of constructor in com.sgvi.sistema_ventas.service.impl.CustomUserDetailsService required a bean of type 'com.sgvi.sistema_ventas.repository.UsuarioRepository' that could not be found.


Action:

Consider defining a bean of type 'com.sgvi.sistema_ventas.repository.UsuarioRepository' in your configuration.

